<?xml version="1.0" encoding="UTF-8"?>
<!-- Generated by org.testng.reporters.JUnitReportReporter -->
<testsuite hostname="LENOVO" failures="0" tests="2" name="com.example.tests.LoginTest" time="9.003" errors="0" timestamp="2024-07-22T15:21:13 IST" skipped="0">
  <testcase classname="com.example.tests.LoginTest" name="loginWithValidCredentials" time="4.323"/>
  <testcase classname="com.example.tests.LoginTest" name="loginWithInvalidCredentials" time="4.680"/>
</testsuite> <!-- com.example.tests.LoginTest -->
