<?xml version="1.0" encoding="UTF-8"?>
<!-- Generated by org.testng.reporters.JUnitReportReporter -->
<testsuite hostname="LENOVO" failures="0" tests="1" name="com.example.tests.TrasactProductsTest" time="7.925" errors="0" timestamp="2024-07-22T15:21:13 IST" skipped="0">
  <testcase classname="com.example.tests.TrasactProductsTest" name="addProductsAndVerifyCart" time="7.925"/>
</testsuite> <!-- com.example.tests.TrasactProductsTest -->
