<?xml version="1.0" encoding="UTF-8"?>
<!-- Generated by org.testng.reporters.JUnitReportReporter -->
<testsuite hostname="DESKTOP-AJN2UPJ" failures="0" tests="1" name="com.example.tests.TrasactProductsTest" time="7.744" errors="0" timestamp="2024-07-18T13:28:01 IST" skipped="0">
  <testcase classname="com.example.tests.TrasactProductsTest" name="addProductsAndVerifyCart" time="7.744"/>
</testsuite> <!-- com.example.tests.TrasactProductsTest -->
