<?xml version="1.0" encoding="UTF-8"?>
<!-- Generated by org.testng.reporters.JUnitReportReporter -->
<testsuite hostname="LENOVO" failures="0" tests="2" name="com.example.tests.LoginTest" time="9.077" errors="0" timestamp="2024-07-22T14:53:09 IST" skipped="1">
  <testcase classname="com.example.tests.LoginTest" name="loginWithValidCredentials" time="9.077"/>
  <testcase classname="com.example.tests.LoginTest" name="loginWithInvalidCredentials">
    <skipped/>
  </testcase> <!-- loginWithInvalidCredentials -->
</testsuite> <!-- com.example.tests.LoginTest -->
